<?xml version="1.0" encoding="UTF-8" ?>
<testsuite tests="25" failures="0" name="org.olf.rs.circ.client.unitTests.clients.NcipClientUnitSuiteTest" time="2.4" errors="0" skipped="0">
  <properties>
    <property name="java.runtime.name" value="OpenJDK Runtime Environment"/>
    <property name="java.vm.version" value="11.0.11+9-Ubuntu-0ubuntu2.18.04"/>
    <property name="sun.boot.library.path" value="/usr/lib/jvm/java-11-openjdk-amd64/lib"/>
    <property name="maven.multiModuleProjectDirectory" value="/home/kurt/code/indexdata/lib-ncip-client"/>
    <property name="java.vm.vendor" value="Ubuntu"/>
    <property name="java.vendor.url" value="https://ubuntu.com/"/>
    <property name="guice.disable.misplaced.annotation.check" value="true"/>
    <property name="path.separator" value=":"/>
    <property name="java.vm.name" value="OpenJDK 64-Bit Server VM"/>
    <property name="sun.os.patch.level" value="unknown"/>
    <property name="user.country" value="US"/>
    <property name="sun.java.launcher" value="SUN_STANDARD"/>
    <property name="java.vm.specification.name" value="Java Virtual Machine Specification"/>
    <property name="user.dir" value="/home/kurt/code/indexdata/lib-ncip-client"/>
    <property name="java.vm.compressedOopsMode" value="Zero based"/>
    <property name="java.runtime.version" value="11.0.11+9-Ubuntu-0ubuntu2.18.04"/>
    <property name="java.awt.graphicsenv" value="sun.awt.X11GraphicsEnvironment"/>
    <property name="os.arch" value="amd64"/>
    <property name="java.io.tmpdir" value="/tmp"/>
    <property name="line.separator" value="
"/>
    <property name="java.vm.specification.vendor" value="Oracle Corporation"/>
    <property name="os.name" value="Linux"/>
    <property name="classworlds.conf" value="/usr/share/maven/bin/m2.conf"/>
    <property name="sun.jnu.encoding" value="UTF-8"/>
    <property name="java.library.path" value="/usr/java/packages/lib:/usr/lib/x86_64-linux-gnu/jni:/lib/x86_64-linux-gnu:/usr/lib/x86_64-linux-gnu:/usr/lib/jni:/lib:/usr/lib"/>
    <property name="maven.conf" value="/usr/share/maven/conf"/>
    <property name="jdk.debug" value="release"/>
    <property name="java.class.version" value="55.0"/>
    <property name="java.specification.name" value="Java Platform API Specification"/>
    <property name="sun.management.compiler" value="HotSpot 64-Bit Tiered Compilers"/>
    <property name="os.version" value="5.4.0-77-generic"/>
    <property name="library.jansi.path" value="/usr/share/maven/lib/jansi-native"/>
    <property name="user.home" value="/home/kurt"/>
    <property name="user.timezone" value="America/New_York"/>
    <property name="java.awt.printerjob" value="sun.print.PSPrinterJob"/>
    <property name="file.encoding" value="UTF-8"/>
    <property name="java.specification.version" value="11"/>
    <property name="user.name" value="kurt"/>
    <property name="java.class.path" value="/usr/share/maven/boot/plexus-classworlds-2.x.jar"/>
    <property name="java.vm.specification.version" value="11"/>
    <property name="sun.arch.data.model" value="64"/>
    <property name="sun.java.command" value="org.codehaus.plexus.classworlds.launcher.Launcher clean install"/>
    <property name="java.home" value="/usr/lib/jvm/java-11-openjdk-amd64"/>
    <property name="user.language" value="en"/>
    <property name="java.specification.vendor" value="Oracle Corporation"/>
    <property name="awt.toolkit" value="sun.awt.X11.XToolkit"/>
    <property name="java.vm.info" value="mixed mode, sharing"/>
    <property name="java.version" value="11.0.11"/>
    <property name="securerandom.source" value="file:/dev/./urandom"/>
    <property name="java.vendor" value="Ubuntu"/>
    <property name="maven.home" value="/usr/share/maven"/>
    <property name="file.separator" value="/"/>
    <property name="java.version.date" value="2021-04-20"/>
    <property name="java.vendor.url.bug" value="https://bugs.launchpad.net/ubuntu/+source/openjdk-lts"/>
    <property name="sun.io.unicode.encoding" value="UnicodeLittle"/>
    <property name="sun.cpu.endian" value="little"/>
    <property name="sun.cpu.isalist" value=""/>
  </properties>
  <testcase classname="org.olf.rs.circ.client.unitTests.clients.NCIP1ClientTests" name="testClientPrint" time="2.344"/>
  <testcase classname="org.olf.rs.circ.client.unitTests.clients.NCIP1ClientTests" name="testSetEndpoint" time="0.002"/>
  <testcase classname="org.olf.rs.circ.client.unitTests.clients.NCIP1ClientTests" name="testSetSocketAsString" time="0"/>
  <testcase classname="org.olf.rs.circ.client.unitTests.clients.NCIP1ClientTests" name="setStrictSocket" time="0.001"/>
  <testcase classname="org.olf.rs.circ.client.unitTests.clients.NCIP1ClientTests" name="setUseSocket" time="0.001"/>
  <testcase classname="org.olf.rs.circ.client.unitTests.clients.NCIP1ClientTests" name="testCutomSocket" time="0"/>
  <testcase classname="org.olf.rs.circ.client.unitTests.clients.NCIP2ClientTests" name="testClientPrintNoNamespace" time="0.016"/>
  <testcase classname="org.olf.rs.circ.client.unitTests.clients.NCIP2ClientTests" name="testClientPrint" time="0.016"/>
  <testcase classname="org.olf.rs.circ.client.unitTests.clients.NCIP2WMSClientTests" name="testAcceptItemNotSupported" time="0.001"/>
  <testcase classname="org.olf.rs.circ.client.unitTests.clients.NCIP2WMSClientTests" name="testNoEndpoint" time="0.001"/>
  <testcase classname="org.olf.rs.circ.client.unitTests.clients.NCIP2WMSClientTests" name="testNoLookupuserEndpoint" time="0.001"/>
  <testcase classname="org.olf.rs.circ.client.unitTests.clients.NCIP2WMSClientTests" name="testNoApiKey" time="0.001"/>
  <testcase classname="org.olf.rs.circ.client.unitTests.clients.NCIP2WMSClientTests" name="testNoApiSecret" time="0.001"/>
  <testcase classname="org.olf.rs.circ.client.unitTests.clients.NCIP2WMSClientTests" name="testSetVars" time="0"/>
  <testcase classname="org.olf.rs.circ.client.unitTests.clients.NCIP2WMSClientTests" name="testCaseInsensitive" time="0"/>
  <testcase classname="org.olf.rs.circ.client.unitTests.clients.NCIP2WMSClientTests" name="testClientPrint" time="0.009"/>
  <testcase classname="org.olf.rs.circ.client.unitTests.clients.NCIPClientWrapperTests" name="testSetTimeout" time="0.001"/>
  <testcase classname="org.olf.rs.circ.client.unitTests.clients.NCIPClientWrapperTests" name="testConstructorForNCIPOne" time="0.001"/>
  <testcase classname="org.olf.rs.circ.client.unitTests.clients.NCIPClientWrapperTests" name="testConstructorForNCIPOneStrictSocket" time="0"/>
  <testcase classname="org.olf.rs.circ.client.unitTests.clients.NCIPClientWrapperTests" name="testConstructorForNCIPTwo" time="0.001"/>
  <testcase classname="org.olf.rs.circ.client.unitTests.clients.NCIPClientWrapperTests" name="testConstructorForNCIPWMS" time="0"/>
  <testcase classname="org.olf.rs.circ.client.unitTests.clients.NCIPClientWrapperTests" name="testConstructorForNCIPSocket" time="0"/>
  <testcase classname="org.olf.rs.circ.client.unitTests.clients.NCIPClientWrapperTests" name="testToMap" time="0.001"/>
  <testcase classname="org.olf.rs.circ.client.unitTests.clients.NCIPClientWrapperTests" name="testToMapTwo" time="0.001"/>
  <testcase classname="org.olf.rs.circ.client.unitTests.clients.NCIPClientWrapperTests" name="testConstructException" time="0.001"/>
</testsuite>